
> nexted-client@0.0.0 dev
> vite


  VITE v6.4.1  ready in 155 ms

  ➜  Local:   http://localhost:5275/
  ➜  Network: use --host to expose
3:21:16 PM [vite] ws proxy socket error:
Error: read ECONNRESET
    at TCP.onStreamRead (node:internal/stream_base_commons:216:20)
3:21:17 PM [vite] ws proxy socket error:
Error: read ECONNRESET
    at TCP.onStreamRead (node:internal/stream_base_commons:216:20)
3:21:19 PM [vite] ws proxy socket error:
Error: read ECONNRESET
    at TCP.onStreamRead (node:internal/stream_base_commons:216:20)
3:21:23 PM [vite] ws proxy socket error:
Error: read ECONNRESET
    at TCP.onStreamRead (node:internal/stream_base_commons:216:20)
3:22:20 PM [vite] ws proxy socket error:
Error: read ECONNRESET
    at TCP.onStreamRead (node:internal/stream_base_commons:216:20)
3:22:21 PM [vite] ws proxy socket error:
Error: read ECONNRESET
    at TCP.onStreamRead (node:internal/stream_base_commons:216:20)
3:22:23 PM [vite] ws proxy socket error:
Error: read ECONNRESET
    at TCP.onStreamRead (node:internal/stream_base_commons:216:20)
3:22:27 PM [vite] ws proxy socket error:
Error: read ECONNRESET
    at TCP.onStreamRead (node:internal/stream_base_commons:216:20)
3:22:44 PM [vite] ws proxy socket error:
Error: read ECONNRESET
    at TCP.onStreamRead (node:internal/stream_base_commons:216:20)
3:22:50 PM [vite] ws proxy socket error:
Error: read ECONNRESET
    at TCP.onStreamRead (node:internal/stream_base_commons:216:20)
3:23:14 PM [vite] ws proxy socket error:
Error: read ECONNRESET
    at TCP.onStreamRead (node:internal/stream_base_commons:216:20)
3:23:44 PM [vite] ws proxy socket error:
Error: read ECONNRESET
    at TCP.onStreamRead (node:internal/stream_base_commons:216:20)
3:24:10 PM [vite] (client) page reload src/viewer/ViewerPanel.js
3:24:11 PM [vite] ws proxy socket error:
Error: read ECONNRESET
    at TCP.onStreamRead (node:internal/stream_base_commons:216:20)
3:24:13 PM [vite] ws proxy socket error:
Error: read ECONNRESET
    at TCP.onStreamRead (node:internal/stream_base_commons:216:20)
3:24:25 PM [vite] ws proxy socket error:
Error: read ECONNRESET
    at TCP.onStreamRead (node:internal/stream_base_commons:216:20)
3:24:41 PM [vite] ws proxy socket error:
Error: read ECONNRESET
    at TCP.onStreamRead (node:internal/stream_base_commons:216:20)
3:25:11 PM [vite] ws proxy socket error:
Error: read ECONNRESET
    at TCP.onStreamRead (node:internal/stream_base_commons:216:20)
3:25:41 PM [vite] ws proxy socket error:
Error: read ECONNRESET
    at TCP.onStreamRead (node:internal/stream_base_commons:216:20)
3:26:11 PM [vite] ws proxy socket error:
Error: read ECONNRESET
    at TCP.onStreamRead (node:internal/stream_base_commons:216:20)
3:26:41 PM [vite] ws proxy socket error:
Error: read ECONNRESET
    at TCP.onStreamRead (node:internal/stream_base_commons:216:20)
3:27:11 PM [vite] ws proxy socket error:
Error: read ECONNRESET
    at TCP.onStreamRead (node:internal/stream_base_commons:216:20)
3:27:41 PM [vite] ws proxy socket error:
Error: read ECONNRESET
    at TCP.onStreamRead (node:internal/stream_base_commons:216:20)
3:28:11 PM [vite] ws proxy socket error:
Error: read ECONNRESET
    at TCP.onStreamRead (node:internal/stream_base_commons:216:20)
3:28:41 PM [vite] ws proxy socket error:
Error: read ECONNRESET
    at TCP.onStreamRead (node:internal/stream_base_commons:216:20)
3:29:11 PM [vite] ws proxy socket error:
Error: read ECONNRESET
    at TCP.onStreamRead (node:internal/stream_base_commons:216:20)
3:29:41 PM [vite] ws proxy socket error:
Error: read ECONNRESET
    at TCP.onStreamRead (node:internal/stream_base_commons:216:20)
3:30:11 PM [vite] ws proxy socket error:
Error: read ECONNRESET
    at TCP.onStreamRead (node:internal/stream_base_commons:216:20)
3:30:41 PM [vite] ws proxy socket error:
Error: read ECONNRESET
    at TCP.onStreamRead (node:internal/stream_base_commons:216:20)
3:31:11 PM [vite] ws proxy socket error:
Error: read ECONNRESET
    at TCP.onStreamRead (node:internal/stream_base_commons:216:20)
3:31:41 PM [vite] ws proxy socket error:
Error: read ECONNRESET
    at TCP.onStreamRead (node:internal/stream_base_commons:216:20)
3:32:11 PM [vite] ws proxy socket error:
Error: read ECONNRESET
    at TCP.onStreamRead (node:internal/stream_base_commons:216:20)
3:32:41 PM [vite] ws proxy socket error:
Error: read ECONNRESET
    at TCP.onStreamRead (node:internal/stream_base_commons:216:20)
3:33:11 PM [vite] ws proxy socket error:
Error: read ECONNRESET
    at TCP.onStreamRead (node:internal/stream_base_commons:216:20)
3:33:41 PM [vite] ws proxy socket error:
Error: read ECONNRESET
    at TCP.onStreamRead (node:internal/stream_base_commons:216:20)
3:34:41 PM [vite] ws proxy socket error:
Error: read ECONNRESET
    at TCP.onStreamRead (node:internal/stream_base_commons:216:20)
3:35:11 PM [vite] ws proxy socket error:
Error: read ECONNRESET
    at TCP.onStreamRead (node:internal/stream_base_commons:216:20)
3:35:41 PM [vite] ws proxy socket error:
Error: read ECONNRESET
    at TCP.onStreamRead (node:internal/stream_base_commons:216:20)
3:36:11 PM [vite] ws proxy socket error:
Error: read ECONNRESET
    at TCP.onStreamRead (node:internal/stream_base_commons:216:20)
3:36:42 PM [vite] ws proxy socket error:
Error: read ECONNRESET
    at TCP.onStreamRead (node:internal/stream_base_commons:216:20)
3:37:42 PM [vite] ws proxy socket error:
Error: read ECONNRESET
    at TCP.onStreamRead (node:internal/stream_base_commons:216:20)
3:38:12 PM [vite] ws proxy socket error:
Error: read ECONNRESET
    at TCP.onStreamRead (node:internal/stream_base_commons:216:20)
3:39:12 PM [vite] ws proxy socket error:
Error: read ECONNRESET
    at TCP.onStreamRead (node:internal/stream_base_commons:216:20)
3:39:42 PM [vite] ws proxy socket error:
Error: read ECONNRESET
    at TCP.onStreamRead (node:internal/stream_base_commons:216:20)
3:40:12 PM [vite] ws proxy socket error:
Error: read ECONNRESET
    at TCP.onStreamRead (node:internal/stream_base_commons:216:20)
3:40:43 PM [vite] ws proxy socket error:
Error: read ECONNRESET
    at TCP.onStreamRead (node:internal/stream_base_commons:216:20)
